<?xml version="1.0" encoding="UTF-8"?>
<!-- Generated by org.testng.reporters.JUnitReportReporter -->
<testsuite skipped="0" hostname="LINUX" name="mavenproject.RESTAPITest" tests="2" failures="0" timestamp="2020-04-07T18:07:59 EDT" time="0.000" errors="0">
  <testcase name="PoastJira" time="0.000" classname="mavenproject.RESTAPITest"/>
  <system-out/>
  <testcase name="RestapiTest" time="0.000" classname="mavenproject.RESTAPITest"/>
  <system-out/>
</testsuite> <!-- mavenproject.RESTAPITest -->
