<?xml version="1.0" encoding="UTF-8"?>
<!-- Generated by org.testng.reporters.JUnitReportReporter -->
<testsuite skipped="0" hostname="LINUX" name="mavenproject.AppTest" tests="1" failures="0" timestamp="2020-04-07T18:07:59 EDT" time="0.019" errors="0">
  <testcase name="testApp" time="0.019" classname="mavenproject.AppTest"/>
  <system-out/>
</testsuite> <!-- mavenproject.AppTest -->
