<?xml version="1.0" encoding="UTF-8"?>
<!-- Generated by org.testng.reporters.JUnitReportReporter -->
<testsuite skipped="0" hostname="LINUX" name="mavenproject.AppiumTest" tests="2" failures="0" timestamp="2020-04-07T20:28:20 EDT" time="0.002" errors="0">
  <testcase name="PoastJira" time="0.001" classname="mavenproject.AppiumTest"/>
  <system-out/>
  <testcase name="RestapiTest" time="0.001" classname="mavenproject.AppiumTest"/>
  <system-out/>
</testsuite> <!-- mavenproject.AppiumTest -->
