<?xml version="1.0" encoding="UTF-8"?>
<!-- Generated by org.testng.reporters.JUnitReportReporter -->
<testsuite skipped="0" hostname="LINUX" name="mavenproject.seleniumTest" tests="2" failures="0" timestamp="2020-04-07T20:28:20 EDT" time="0.012" errors="0">
  <testcase name="SeleniumAutomaton" time="0.011" classname="mavenproject.seleniumTest"/>
  <system-out/>
  <testcase name="SeleniumUi" time="0.001" classname="mavenproject.seleniumTest"/>
  <system-out/>
</testsuite> <!-- mavenproject.seleniumTest -->
